<?xml version="1.0" encoding="UTF-8"?>
<testng-results skipped="0" failed="0" ignored="0" total="1" passed="1">
  <reporter-output>
  </reporter-output>
  <suite name="Default suite" duration-ms="28680" started-at="2020-03-28T11:38:03 COT" finished-at="2020-03-28T11:38:32 COT">
    <groups>
    </groups>
    <test name="Default test" duration-ms="28680" started-at="2020-03-28T11:38:03 COT" finished-at="2020-03-28T11:38:32 COT">
      <class name="test.LoginWithPageFactory">
        <test-method status="PASS" signature="setup()[pri:0, instance:test.LoginWithPageFactory@3a883ce7]" name="setup" is-config="true" duration-ms="23366" started-at="2020-03-28T11:38:03 COT" finished-at="2020-03-28T11:38:27 COT">
          <reporter-output>
          </reporter-output>
        </test-method> <!-- setup -->
        <test-method status="PASS" signature="test_Home_Page_Appear_Correct()[pri:0, instance:test.LoginWithPageFactory@3a883ce7]" name="test_Home_Page_Appear_Correct" duration-ms="5258" started-at="2020-03-28T11:38:27 COT" finished-at="2020-03-28T11:38:32 COT">
          <reporter-output>
          </reporter-output>
        </test-method> <!-- test_Home_Page_Appear_Correct -->
      </class> <!-- test.LoginWithPageFactory -->
    </test> <!-- Default test -->
  </suite> <!-- Default suite -->
</testng-results>
